20230821	17:15:20	d67fe252-9d09-4b95-b69d-df211d0031e4	GET	undefined	/swagger
20230821	17:15:26	2e0fd155-16e7-4a14-a113-a14f0bcb33d0	GET	undefined	/swagger
20230821	17:15:34	7b3b6864-90e8-43db-822a-bc7bcf75712a	GET	undefined	/swagger
20230821	17:15:49	56222819-feb2-4ebe-af95-5aa050657513	GET	undefined	/cdn/user/image.png
20230821	17:15:58	f1703f3d-278b-4fc7-a6ac-194969a6ba34	GET	undefined	/cdn/img/user.png
20230821	17:18:41	5a4e1fc2-82c5-46c3-9a10-99720961c8c3	GET	undefined	/swagger
20230821	17:18:41	53ffe8c7-8a1b-4bbe-8140-817acd32aba4	GET	undefined	/favicon.ico
20230821	17:20:46	c6585596-c2dd-4ea1-8aab-cbd568b45e3b	GET	undefined	/swagger
20230821	17:22:40	2fcdf04b-4760-49f0-ba9c-05f3206fa24b	GET	undefined	/cdn/img/user.png
20230821	17:22:41	1385afb4-c6d5-4566-a8d0-a8599451ef8d	GET	undefined	/favicon.ico
20230821	17:22:55	ebda1346-30ac-4b95-ab43-0e2ee07d0681	GET	undefined	/cdn/img/user.png
20230821	17:22:55	71e57f30-f0b6-4fcc-8dfc-d359127807fa	GET	undefined	/favicon.ico
20230821	17:23:01	3b01bfd1-a9a3-4638-bb96-f8668489a6d9	GET	undefined	/swagger
20230821	17:23:01	4420083f-148c-4bbd-a900-c3fee620f82c	GET	undefined	/swagger/
20230821	17:23:01	f7bb7348-daf2-40ec-b1ba-ade286e5713c	GET	undefined	/swagger/swagger-ui.css
20230821	17:23:01	79c6ceb0-0643-4a88-973a-7a9490b13add	GET	undefined	/swagger/swagger-ui-bundle.js
20230821	17:23:01	ca199901-4137-4234-9682-1a895ef9bc71	GET	undefined	/swagger/swagger-ui-init.js
20230821	17:23:01	972d3c50-5bdc-4fdf-8158-bf72b1d8e5a7	GET	undefined	/swagger/swagger-ui-standalone-preset.js
20230821	17:23:01	d5b74029-ab6d-40a2-82a8-5b74fc0291a2	GET	undefined	/swagger/favicon-16x16.png
20230821	17:27:52	9d961a96-d8e7-4df0-af00-9fa913ba7fca	POST	undefined	/api/login
20230821	17:28:02	4113635a-f2a4-4be5-99f9-71e44ce08eff	GET	undefined	/api/loogut
20230821	17:28:03	4c0478b9-5172-4b6d-a89c-732e59b28769	GET	undefined	/api/logut
20230821	17:28:06	dcc8d4bf-6609-4d9c-a30e-5c7f553e3406	GET	undefined	/api/logout
20230821	17:28:16	a6867a91-60a6-44a9-86f6-835ede2970dd	POST	undefined	/api/login
20230821	17:28:21	e4eacc03-e57b-442f-bb25-c3c3a46ae05c	GET	undefined	/api/refresh
20230821	17:28:24	9cfef377-56be-4da8-a247-2580aeb69580	GET	undefined	/api/logout
20230821	17:28:27	2028b150-b7b0-48f6-820c-06918ea23b5d	GET	undefined	/api/refresh
20230821	17:28:28	1043aced-4e3f-4317-b59a-95d3c7bec5f1	GET	undefined	/api/refresh
20230821	17:33:48	eaaa47d3-32b3-4efe-ae59-759129d77d22	GET	undefined	/swagger/
20230821	17:33:48	7c24cf46-b916-44f5-ba97-7489f80e0a40	GET	undefined	/swagger/swagger-ui-bundle.js
20230821	17:33:48	e02910b9-8f7c-4e76-a802-1f7ecb5095b7	GET	undefined	/swagger/swagger-ui-standalone-preset.js
20230821	17:33:48	b24ba5d3-7f9d-4641-8e29-1669074e4270	GET	undefined	/swagger/swagger-ui.css
20230821	17:33:48	b12031af-1cde-4c31-82a0-b0f5141d3f70	GET	undefined	/swagger/swagger-ui-init.js
20230821	17:33:48	46d982d3-b45e-40bf-b65b-3f7cc8ce573b	GET	undefined	/swagger/favicon-16x16.png
20230821	17:34:20	763bcb82-512b-46b6-9afa-847ee4545df6	GET	undefined	/swagger/
20230821	17:34:20	2d7552d0-3cf4-4732-a7f2-a0d98995ed79	GET	undefined	/swagger/swagger-ui-standalone-preset.js
20230821	17:34:20	275f789f-42fb-47d1-ab81-6bf6e0eb64ce	GET	undefined	/swagger/swagger-ui.css
20230821	17:34:20	383d7fde-6cdb-4c99-9cb4-e6e464f6240c	GET	undefined	/swagger/swagger-ui-bundle.js
20230821	17:34:20	76a536ef-cb4b-4dfb-8419-d0d585b43892	GET	undefined	/swagger/swagger-ui-init.js
20230821	17:34:20	5133c39c-02ff-4bbe-bbd6-43db8a75bc02	GET	undefined	/swagger/favicon-16x16.png
20230821	17:34:41	9a6b2fea-2728-44bd-8edb-f2a99f26679f	GET	undefined	/swagger/
20230821	17:34:41	8d2bc7f9-b1e7-435f-93c2-2e396a4f6698	GET	undefined	/swagger/swagger-ui-init.js
20230821	17:34:41	428c8d78-ebd0-46c2-a5f2-a5cf9dfebbb6	GET	undefined	/swagger/swagger-ui.css
20230821	17:34:41	dfd7b06b-bb54-44ad-a45f-6301a6ade10a	GET	undefined	/swagger/swagger-ui-bundle.js
20230821	17:34:41	3e01ad00-fb19-4f7d-a7dd-63ae532aa5db	GET	undefined	/swagger/swagger-ui-standalone-preset.js
20230821	17:34:54	18fb7436-1e32-4c38-8621-3b75141358b0	GET	undefined	/swagger/
20230821	17:34:54	f2f9b9ca-da9a-4f50-bffd-85df0b314616	GET	undefined	/swagger/swagger-ui-standalone-preset.js
20230821	17:34:54	461d4005-b687-4a61-acf3-452fce3bdeed	GET	undefined	/swagger/swagger-ui.css
20230821	17:34:54	20744117-b8e0-4d30-be03-9291243ed2ef	GET	undefined	/swagger/swagger-ui-bundle.js
20230821	17:34:54	cf1ec16d-d58f-4875-b3a4-5b1d33ab8467	GET	undefined	/swagger/swagger-ui-init.js
20230821	17:34:54	7064ac51-80a6-4491-8e58-13f71a1e1b41	GET	undefined	/swagger/favicon-16x16.png
20230821	17:46:19	017ee34e-bdaa-4e22-9085-a7cff0f33b56	POST	undefined	/api/login
20230821	17:46:23	8c6b05a3-ee9b-4e38-ba1f-e63b082fb675	GET	undefined	/api/refresh
20230821	17:46:26	c6487cbf-c9a9-4d2d-b771-45482d5b8bc9	POST	undefined	/api/login
20230821	17:47:37	ba041b46-2d63-4b18-b6a7-427cd6637729	GET	undefined	/swagger
20230821	17:47:37	439687f9-bb85-49ab-9fe5-f4bfe8eb7337	GET	undefined	/swagger/
20230821	17:47:37	9d2d5505-a990-4bef-b7f3-4e5fc63de97a	GET	undefined	/swagger/swagger-ui-bundle.js
20230821	17:47:37	98014bb3-ef06-46ec-af40-a948ddc88e18	GET	undefined	/swagger/swagger-ui-standalone-preset.js
20230821	17:47:37	74cf6bf6-6bb5-41c8-b801-10fbbb9ba9a9	GET	undefined	/swagger/swagger-ui.css
20230821	17:47:37	0304dde1-8c14-4220-bb24-b74b8a4440c9	GET	undefined	/swagger/swagger-ui-init.js
20230821	17:47:37	ccb93c4d-e4bb-4d0f-b501-ef00c4ed03b7	GET	undefined	/swagger/favicon-16x16.png
20230821	17:47:41	e7c1d906-2e62-4d8c-889e-d2c9b1303acd	GET	undefined	/swagger/
20230821	17:47:41	39e82a4d-d3af-40c9-b8e2-7d413c7b4cf6	GET	undefined	/swagger/swagger-ui.css
20230821	17:47:41	cbd72244-d12f-428e-9ee7-4f3a9af7a235	GET	undefined	/swagger/swagger-ui-bundle.js
20230821	17:47:41	e1eea7c1-1c68-49f5-b757-1c4a5cf8fa2f	GET	undefined	/swagger/swagger-ui-standalone-preset.js
20230821	17:47:41	9de1feb4-ea55-4055-a892-3da3ac4989f1	GET	undefined	/swagger/swagger-ui-init.js
20230821	17:51:14	3fbfde19-669c-4041-acf6-a45ee321a33b	GET	undefined	/swagger/
20230821	17:51:14	db876694-2ad4-4afe-b512-a70a62870276	GET	undefined	/swagger/swagger-ui-bundle.js
20230821	17:51:14	aecdb996-0c9a-419d-95d7-457424cc72cc	GET	undefined	/swagger/swagger-ui-standalone-preset.js
20230821	17:51:14	ae5d6ccf-d38c-4f21-ba82-71dc1e94ac00	GET	undefined	/swagger/swagger-ui.css
20230821	17:51:14	b2d2a92f-7dfb-484b-adda-806696060472	GET	undefined	/swagger/swagger-ui-init.js
20230821	17:51:14	405cef19-1d58-4d64-bd47-e02c78a99fad	GET	undefined	/swagger/favicon-16x16.png
20230821	17:51:16	5ce50317-ab44-4437-b14f-caddb84a20cc	GET	undefined	/swagger/
20230821	17:51:16	eb21fd3c-173d-4679-a7bb-a906ee01738f	GET	undefined	/swagger/swagger-ui.css
20230821	17:51:16	a76d707a-4866-426e-981a-5738f9424666	GET	undefined	/swagger/swagger-ui-bundle.js
20230821	17:51:16	f209f7c3-453f-4b37-bbb6-2875eb3f7bd5	GET	undefined	/swagger/swagger-ui-standalone-preset.js
20230821	17:51:16	1c6a3be1-f197-42f6-83af-412d0e23b0b1	GET	undefined	/swagger/swagger-ui-init.js
20230821	17:51:23	30142b63-02b1-4d32-8b2e-1e9cb168927c	GET	undefined	/swagger/
20230821	17:51:23	acc74596-9303-43c9-aeeb-d77ad881067d	GET	undefined	/swagger/swagger-ui.css
20230821	17:51:23	be4745eb-c8ea-4af2-98bc-c69fd61a8d9a	GET	undefined	/swagger/swagger-ui-bundle.js
20230821	17:51:23	2f166e5d-19e2-4ba6-b6db-47b052e86050	GET	undefined	/swagger/swagger-ui-standalone-preset.js
20230821	17:51:23	4a256c97-10fd-4b66-ba35-c9f3b65f2fa4	GET	undefined	/swagger/swagger-ui-init.js
20230821	17:52:59	e1b615d1-8270-4623-a194-e2a05d869241	GET	undefined	/swagger/
20230821	17:52:59	5ca20fee-c936-43c8-a93f-9a20fa83b654	GET	undefined	/swagger/swagger-ui-bundle.js
20230821	17:52:59	21e15e47-f94a-46ed-8819-ca29181b14cc	GET	undefined	/swagger/swagger-ui-standalone-preset.js
20230821	17:52:59	3ab7fb63-d3e5-43f3-a5b5-bc0b72f90525	GET	undefined	/swagger/swagger-ui.css
20230821	17:52:59	d92a70f4-6756-4953-a7bc-e37629dae85d	GET	undefined	/swagger/swagger-ui-init.js
20230821	17:53:00	ec172b5f-336e-41f9-912c-f6f09191941f	GET	undefined	/swagger/favicon-16x16.png
20230821	17:53:11	4221eb8f-3e16-440a-a40f-f28468ad9126	GET	undefined	/swagger/
20230821	17:53:11	301caa6e-581e-4b03-a93a-a9a2be201cf5	GET	undefined	/swagger/swagger-ui.css
20230821	17:53:11	4ecfab47-1332-4f91-87d2-1fbcb00b6a65	GET	undefined	/swagger/swagger-ui-bundle.js
20230821	17:53:11	890fbb19-7011-4e6f-86ef-43a27858bdff	GET	undefined	/swagger/swagger-ui-standalone-preset.js
20230821	17:53:11	41bdbd04-09c0-4c37-ba90-9a37111d2c1b	GET	undefined	/swagger/swagger-ui-init.js
20230821	17:53:29	e10887ac-5873-4c8b-8a6b-003324b2ec4b	GET	undefined	/swagger/
20230821	17:53:29	6a99b637-b797-4a29-9f90-1e3020b128ba	GET	undefined	/swagger/swagger-ui.css
20230821	17:53:29	de2c87d6-83d6-45f6-9aa3-a5b0ad1888df	GET	undefined	/swagger/swagger-ui-bundle.js
20230821	17:53:29	04d5d4a5-04c0-42de-a20c-7866ce9126da	GET	undefined	/swagger/swagger-ui-init.js
20230821	17:53:29	fca1c20d-0156-4daf-82bb-6ee64211dbd8	GET	undefined	/swagger/swagger-ui-standalone-preset.js
20230821	17:55:54	461ec524-218c-4564-a2cf-c8d2ce88b3da	GET	undefined	/swagger/
20230821	17:55:54	921ffda9-b511-4627-984c-e35f694782f3	GET	undefined	/swagger/swagger-ui.css
20230821	17:55:54	6c7a3c4c-0763-4919-acdf-28e03a7da112	GET	undefined	/swagger/swagger-ui-bundle.js
20230821	17:55:54	c20700f0-4fd1-41bf-85dd-4614465b53fd	GET	undefined	/swagger/swagger-ui-standalone-preset.js
20230821	17:55:54	fa20960f-6be4-40b7-9092-967da1f819a9	GET	undefined	/swagger/swagger-ui-init.js
20230821	17:55:54	ffd96415-2b3b-481b-b77d-9b1791f33963	GET	undefined	/swagger/favicon-16x16.png
20230821	17:57:13	2ebabbc6-af3d-4f19-b3ec-49ff3538d7dd	GET	undefined	/swagger/
20230821	17:57:13	74b3012d-3d95-48b5-a215-0f8c3050e86d	GET	undefined	/swagger/swagger-ui-bundle.js
20230821	17:57:13	bfe8c4bd-7162-47fe-b985-d942fc546f4f	GET	undefined	/swagger/swagger-ui-init.js
20230821	17:57:13	6b1f706e-fa70-4b18-833b-94044ae8b8c3	GET	undefined	/swagger/swagger-ui.css
20230821	17:57:13	2eb9b3a9-9380-4627-9372-c65182819606	GET	undefined	/swagger/swagger-ui-standalone-preset.js
20230821	17:57:13	fc910cee-f7c4-45e0-b12d-9e0b01b4c7eb	GET	undefined	/swagger/favicon-16x16.png
